2017/08/14-09:03 [main] INFO  io.z77z.CrawlerMain- Starting CrawlerMain on admin-PC with PID 5508 (started by 小五儿 in F:\web\spring\springboot-demo)
2017/08/14-09:03 [main] INFO  io.z77z.CrawlerMain- No active profile set, falling back to default profiles: default
2017/08/14-09:03 [main] INFO  org.springframework.web.context.support.GenericWebApplicationContext- Refreshing org.springframework.web.context.support.GenericWebApplicationContext@51021b85: startup date [Mon Aug 14 09:03:12 CST 2017]; root of context hierarchy
2017/08/14-09:03 [main] INFO  org.springframework.data.repository.config.RepositoryConfigurationDelegate- Multiple Spring Data modules found, entering strict repository configuration mode!
2017/08/14-09:03 [main] INFO  org.springframework.context.support.PostProcessorRegistrationDelegate$BeanPostProcessorChecker- Bean 'druidDataSourceConfig' of type [class io.z77z.config.DruidDataSourceConfig$$EnhancerBySpringCGLIB$$306de988] is not eligible for getting processed by all BeanPostProcessors (for example: not eligible for auto-proxying)
2017/08/14-09:03 [main] INFO  org.springframework.context.support.PostProcessorRegistrationDelegate$BeanPostProcessorChecker- Bean 'org.springframework.boot.autoconfigure.validation.ValidationAutoConfiguration' of type [class org.springframework.boot.autoconfigure.validation.ValidationAutoConfiguration] is not eligible for getting processed by all BeanPostProcessors (for example: not eligible for auto-proxying)
2017/08/14-09:03 [main] INFO  org.springframework.context.support.PostProcessorRegistrationDelegate$BeanPostProcessorChecker- Bean 'validator' of type [class org.springframework.validation.beanvalidation.LocalValidatorFactoryBean] is not eligible for getting processed by all BeanPostProcessors (for example: not eligible for auto-proxying)
2017/08/14-09:03 [main] INFO  org.springframework.context.support.PostProcessorRegistrationDelegate$BeanPostProcessorChecker- Bean 'org.springframework.transaction.annotation.ProxyTransactionManagementConfiguration' of type [class org.springframework.transaction.annotation.ProxyTransactionManagementConfiguration$$EnhancerBySpringCGLIB$$6a75f3e0] is not eligible for getting processed by all BeanPostProcessors (for example: not eligible for auto-proxying)
2017/08/14-09:03 [main] INFO  org.springframework.context.support.PostProcessorRegistrationDelegate$BeanPostProcessorChecker- Bean 'org.springframework.cache.annotation.ProxyCachingConfiguration' of type [class org.springframework.cache.annotation.ProxyCachingConfiguration$$EnhancerBySpringCGLIB$$b38829fe] is not eligible for getting processed by all BeanPostProcessors (for example: not eligible for auto-proxying)
2017/08/14-09:03 [main] INFO  org.springframework.context.support.PostProcessorRegistrationDelegate$BeanPostProcessorChecker- Bean 'org.springframework.boot.autoconfigure.cache.CacheAutoConfiguration' of type [class org.springframework.boot.autoconfigure.cache.CacheAutoConfiguration$$EnhancerBySpringCGLIB$$a7fbeea2] is not eligible for getting processed by all BeanPostProcessors (for example: not eligible for auto-proxying)
2017/08/14-09:03 [main] INFO  org.springframework.context.support.PostProcessorRegistrationDelegate$BeanPostProcessorChecker- Bean 'spring.cache-org.springframework.boot.autoconfigure.cache.CacheProperties' of type [class org.springframework.boot.autoconfigure.cache.CacheProperties] is not eligible for getting processed by all BeanPostProcessors (for example: not eligible for auto-proxying)
2017/08/14-09:03 [main] INFO  org.springframework.context.support.PostProcessorRegistrationDelegate$BeanPostProcessorChecker- Bean 'cacheManagerCustomizers' of type [class org.springframework.boot.autoconfigure.cache.CacheManagerCustomizers] is not eligible for getting processed by all BeanPostProcessors (for example: not eligible for auto-proxying)
2017/08/14-09:03 [main] INFO  org.springframework.context.support.PostProcessorRegistrationDelegate$BeanPostProcessorChecker- Bean 'org.springframework.boot.autoconfigure.cache.RedisCacheConfiguration' of type [class org.springframework.boot.autoconfigure.cache.RedisCacheConfiguration$$EnhancerBySpringCGLIB$$588d8afc] is not eligible for getting processed by all BeanPostProcessors (for example: not eligible for auto-proxying)
2017/08/14-09:03 [main] INFO  org.springframework.context.support.PostProcessorRegistrationDelegate$BeanPostProcessorChecker- Bean 'org.springframework.boot.autoconfigure.data.redis.RedisAutoConfiguration$RedisConfiguration' of type [class org.springframework.boot.autoconfigure.data.redis.RedisAutoConfiguration$RedisConfiguration$$EnhancerBySpringCGLIB$$b018796d] is not eligible for getting processed by all BeanPostProcessors (for example: not eligible for auto-proxying)
2017/08/14-09:03 [main] INFO  org.springframework.context.support.PostProcessorRegistrationDelegate$BeanPostProcessorChecker- Bean 'spring.redis-org.springframework.boot.autoconfigure.data.redis.RedisProperties' of type [class org.springframework.boot.autoconfigure.data.redis.RedisProperties] is not eligible for getting processed by all BeanPostProcessors (for example: not eligible for auto-proxying)
2017/08/14-09:03 [main] INFO  org.springframework.context.support.PostProcessorRegistrationDelegate$BeanPostProcessorChecker- Bean 'org.springframework.boot.autoconfigure.data.redis.RedisAutoConfiguration$RedisConnectionConfiguration' of type [class org.springframework.boot.autoconfigure.data.redis.RedisAutoConfiguration$RedisConnectionConfiguration$$EnhancerBySpringCGLIB$$fe701aef] is not eligible for getting processed by all BeanPostProcessors (for example: not eligible for auto-proxying)
2017/08/14-09:03 [main] INFO  org.springframework.context.support.PostProcessorRegistrationDelegate$BeanPostProcessorChecker- Bean 'redisConnectionFactory' of type [class org.springframework.data.redis.connection.jedis.JedisConnectionFactory] is not eligible for getting processed by all BeanPostProcessors (for example: not eligible for auto-proxying)
2017/08/14-09:03 [main] INFO  org.springframework.context.support.PostProcessorRegistrationDelegate$BeanPostProcessorChecker- Bean 'redisTemplate' of type [class org.springframework.data.redis.core.RedisTemplate] is not eligible for getting processed by all BeanPostProcessors (for example: not eligible for auto-proxying)
2017/08/14-09:03 [main] INFO  org.springframework.context.support.PostProcessorRegistrationDelegate$BeanPostProcessorChecker- Bean 'cacheManager' of type [class org.springframework.data.redis.cache.RedisCacheManager] is not eligible for getting processed by all BeanPostProcessors (for example: not eligible for auto-proxying)
2017/08/14-09:03 [main] INFO  org.springframework.context.support.PostProcessorRegistrationDelegate$BeanPostProcessorChecker- Bean 'cacheAutoConfigurationValidator' of type [class org.springframework.boot.autoconfigure.cache.CacheAutoConfiguration$CacheManagerValidator] is not eligible for getting processed by all BeanPostProcessors (for example: not eligible for auto-proxying)
2017/08/14-09:03 [main] INFO  com.alibaba.druid.pool.DruidDataSource- {dataSource-1} inited
2017/08/14-09:03 [main] INFO  org.springframework.boot.test.mock.web.SpringBootMockServletContext- jolokia: No access restrictor found, access to any MBean is allowed
2017/08/14-09:03 [main] INFO  org.springframework.web.servlet.mvc.method.annotation.RequestMappingHandlerAdapter- Looking for @ControllerAdvice: org.springframework.web.context.support.GenericWebApplicationContext@51021b85: startup date [Mon Aug 14 09:03:12 CST 2017]; root of context hierarchy
2017/08/14-09:03 [main] INFO  org.springframework.web.servlet.mvc.method.annotation.RequestMappingHandlerMapping- Mapped "{[/test/test1]}" onto public java.lang.String io.z77z.controller.TestController.view(org.springframework.ui.Model,com.baomidou.mybatisplus.plugins.Page<io.z77z.entity.BeautifulPictures>)
2017/08/14-09:03 [main] INFO  org.springframework.web.servlet.mvc.method.annotation.RequestMappingHandlerMapping- Mapped "{[/test/test2]}" onto public java.lang.String io.z77z.controller.TestController.t_io()
2017/08/14-09:03 [main] INFO  org.springframework.web.servlet.mvc.method.annotation.RequestMappingHandlerMapping- Mapped "{[/error]}" onto public org.springframework.http.ResponseEntity<java.util.Map<java.lang.String, java.lang.Object>> org.springframework.boot.autoconfigure.web.BasicErrorController.error(javax.servlet.http.HttpServletRequest)
2017/08/14-09:03 [main] INFO  org.springframework.web.servlet.mvc.method.annotation.RequestMappingHandlerMapping- Mapped "{[/error],produces=[text/html]}" onto public org.springframework.web.servlet.ModelAndView org.springframework.boot.autoconfigure.web.BasicErrorController.errorHtml(javax.servlet.http.HttpServletRequest,javax.servlet.http.HttpServletResponse)
2017/08/14-09:03 [main] INFO  org.springframework.web.servlet.handler.SimpleUrlHandlerMapping- Mapped URL path [/webjars/**] onto handler of type [class org.springframework.web.servlet.resource.ResourceHttpRequestHandler]
2017/08/14-09:03 [main] INFO  org.springframework.web.servlet.handler.SimpleUrlHandlerMapping- Mapped URL path [/**] onto handler of type [class org.springframework.web.servlet.resource.ResourceHttpRequestHandler]
2017/08/14-09:03 [main] INFO  org.springframework.web.servlet.handler.SimpleUrlHandlerMapping- Mapped URL path [/**/favicon.ico] onto handler of type [class org.springframework.web.servlet.resource.ResourceHttpRequestHandler]
2017/08/14-09:03 [main] INFO  org.springframework.boot.actuate.endpoint.mvc.EndpointHandlerMapping- Mapped "{[/heapdump || /heapdump.json],methods=[GET],produces=[application/octet-stream]}" onto public void org.springframework.boot.actuate.endpoint.mvc.HeapdumpMvcEndpoint.invoke(boolean,javax.servlet.http.HttpServletRequest,javax.servlet.http.HttpServletResponse) throws java.io.IOException,javax.servlet.ServletException
2017/08/14-09:03 [main] INFO  org.springframework.boot.actuate.endpoint.mvc.EndpointHandlerMapping- Mapped "{[/auditevents || /auditevents.json],methods=[GET],produces=[application/vnd.spring-boot.actuator.v1+json || application/json]}" onto public org.springframework.http.ResponseEntity<?> org.springframework.boot.actuate.endpoint.mvc.AuditEventsMvcEndpoint.findByPrincipalAndAfterAndType(java.lang.String,java.util.Date,java.lang.String)
2017/08/14-09:03 [main] INFO  org.springframework.boot.actuate.endpoint.mvc.EndpointHandlerMapping- Mapped "{[/env/{name:.*}],methods=[GET],produces=[application/vnd.spring-boot.actuator.v1+json || application/json]}" onto public java.lang.Object org.springframework.boot.actuate.endpoint.mvc.EnvironmentMvcEndpoint.value(java.lang.String)
2017/08/14-09:03 [main] INFO  org.springframework.boot.actuate.endpoint.mvc.EndpointHandlerMapping- Mapped "{[/env || /env.json],methods=[GET],produces=[application/vnd.spring-boot.actuator.v1+json || application/json]}" onto public java.lang.Object org.springframework.boot.actuate.endpoint.mvc.EndpointMvcAdapter.invoke()
2017/08/14-09:03 [main] INFO  org.springframework.boot.actuate.endpoint.mvc.EndpointHandlerMapping- Mapped "{[/jolokia/**]}" onto public org.springframework.web.servlet.ModelAndView org.springframework.boot.actuate.endpoint.mvc.JolokiaMvcEndpoint.handle(javax.servlet.http.HttpServletRequest,javax.servlet.http.HttpServletResponse) throws java.lang.Exception
2017/08/14-09:03 [main] INFO  org.springframework.boot.actuate.endpoint.mvc.EndpointHandlerMapping- Mapped "{[/dump || /dump.json],methods=[GET],produces=[application/vnd.spring-boot.actuator.v1+json || application/json]}" onto public java.lang.Object org.springframework.boot.actuate.endpoint.mvc.EndpointMvcAdapter.invoke()
2017/08/14-09:03 [main] INFO  org.springframework.boot.actuate.endpoint.mvc.EndpointHandlerMapping- Mapped "{[/loggers/{name:.*}],methods=[GET],produces=[application/vnd.spring-boot.actuator.v1+json || application/json]}" onto public java.lang.Object org.springframework.boot.actuate.endpoint.mvc.LoggersMvcEndpoint.get(java.lang.String)
2017/08/14-09:03 [main] INFO  org.springframework.boot.actuate.endpoint.mvc.EndpointHandlerMapping- Mapped "{[/loggers/{name:.*}],methods=[POST],consumes=[application/vnd.spring-boot.actuator.v1+json || application/json],produces=[application/vnd.spring-boot.actuator.v1+json || application/json]}" onto public java.lang.Object org.springframework.boot.actuate.endpoint.mvc.LoggersMvcEndpoint.set(java.lang.String,java.util.Map<java.lang.String, java.lang.String>)
2017/08/14-09:03 [main] INFO  org.springframework.boot.actuate.endpoint.mvc.EndpointHandlerMapping- Mapped "{[/loggers || /loggers.json],methods=[GET],produces=[application/vnd.spring-boot.actuator.v1+json || application/json]}" onto public java.lang.Object org.springframework.boot.actuate.endpoint.mvc.EndpointMvcAdapter.invoke()
2017/08/14-09:03 [main] INFO  org.springframework.boot.actuate.endpoint.mvc.EndpointHandlerMapping- Mapped "{[/logfile || /logfile.json],methods=[GET || HEAD]}" onto public void org.springframework.boot.actuate.endpoint.mvc.LogFileMvcEndpoint.invoke(javax.servlet.http.HttpServletRequest,javax.servlet.http.HttpServletResponse) throws javax.servlet.ServletException,java.io.IOException
2017/08/14-09:03 [main] INFO  org.springframework.boot.actuate.endpoint.mvc.EndpointHandlerMapping- Mapped "{[/health || /health.json],methods=[GET],produces=[application/vnd.spring-boot.actuator.v1+json || application/json]}" onto public java.lang.Object org.springframework.boot.actuate.endpoint.mvc.HealthMvcEndpoint.invoke(javax.servlet.http.HttpServletRequest)
2017/08/14-09:03 [main] INFO  org.springframework.boot.actuate.endpoint.mvc.EndpointHandlerMapping- Mapped "{[/mappings || /mappings.json],methods=[GET],produces=[application/vnd.spring-boot.actuator.v1+json || application/json]}" onto public java.lang.Object org.springframework.boot.actuate.endpoint.mvc.EndpointMvcAdapter.invoke()
2017/08/14-09:03 [main] INFO  org.springframework.boot.actuate.endpoint.mvc.EndpointHandlerMapping- Mapped "{[/beans || /beans.json],methods=[GET],produces=[application/vnd.spring-boot.actuator.v1+json || application/json]}" onto public java.lang.Object org.springframework.boot.actuate.endpoint.mvc.EndpointMvcAdapter.invoke()
2017/08/14-09:03 [main] INFO  org.springframework.boot.actuate.endpoint.mvc.EndpointHandlerMapping- Mapped "{[/metrics/{name:.*}],methods=[GET],produces=[application/vnd.spring-boot.actuator.v1+json || application/json]}" onto public java.lang.Object org.springframework.boot.actuate.endpoint.mvc.MetricsMvcEndpoint.value(java.lang.String)
2017/08/14-09:03 [main] INFO  org.springframework.boot.actuate.endpoint.mvc.EndpointHandlerMapping- Mapped "{[/metrics || /metrics.json],methods=[GET],produces=[application/vnd.spring-boot.actuator.v1+json || application/json]}" onto public java.lang.Object org.springframework.boot.actuate.endpoint.mvc.EndpointMvcAdapter.invoke()
2017/08/14-09:03 [main] INFO  org.springframework.boot.actuate.endpoint.mvc.EndpointHandlerMapping- Mapped "{[/autoconfig || /autoconfig.json],methods=[GET],produces=[application/vnd.spring-boot.actuator.v1+json || application/json]}" onto public java.lang.Object org.springframework.boot.actuate.endpoint.mvc.EndpointMvcAdapter.invoke()
2017/08/14-09:03 [main] INFO  org.springframework.boot.actuate.endpoint.mvc.EndpointHandlerMapping- Mapped "{[/trace || /trace.json],methods=[GET],produces=[application/vnd.spring-boot.actuator.v1+json || application/json]}" onto public java.lang.Object org.springframework.boot.actuate.endpoint.mvc.EndpointMvcAdapter.invoke()
2017/08/14-09:03 [main] INFO  org.springframework.boot.actuate.endpoint.mvc.EndpointHandlerMapping- Mapped "{[/configprops || /configprops.json],methods=[GET],produces=[application/vnd.spring-boot.actuator.v1+json || application/json]}" onto public java.lang.Object org.springframework.boot.actuate.endpoint.mvc.EndpointMvcAdapter.invoke()
2017/08/14-09:03 [main] INFO  org.springframework.boot.actuate.endpoint.mvc.EndpointHandlerMapping- Mapped "{[/info || /info.json],methods=[GET],produces=[application/vnd.spring-boot.actuator.v1+json || application/json]}" onto public java.lang.Object org.springframework.boot.actuate.endpoint.mvc.EndpointMvcAdapter.invoke()
2017/08/14-09:03 [main] INFO  io.z77z.CrawlerMain- Started CrawlerMain in 11.436 seconds (JVM running for 14.394)
2017/08/14-09:03 [main] DEBUG io.z77z.dao.BeautifulPicturesMapper.selectByMap- ==>  Preparing: SELECT id,title,url,pictureurls_num AS pictureurlsNum,zan,biaoqian,keywords,last_update_date AS lastUpdateDate FROM beautiful_pictures WHERE id = ? 
2017/08/14-09:03 [main] DEBUG io.z77z.dao.BeautifulPicturesMapper.selectByMap- ==> Parameters: 1475(String)
2017/08/14-09:03 [main] INFO  org.springframework.beans.factory.xml.XmlBeanDefinitionReader- Loading XML bean definitions from class path resource [org/springframework/jdbc/support/sql-error-codes.xml]
2017/08/14-09:03 [main] INFO  org.springframework.jdbc.support.SQLErrorCodesFactory- SQLErrorCodes loaded: [DB2, Derby, H2, HSQL, Informix, MS-SQL, MySQL, Oracle, PostgreSQL, Sybase, Hana]
2017/08/14-09:03 [Thread-4] INFO  org.springframework.web.context.support.GenericWebApplicationContext- Closing org.springframework.web.context.support.GenericWebApplicationContext@51021b85: startup date [Mon Aug 14 09:03:12 CST 2017]; root of context hierarchy
2017/08/14-09:03 [Thread-4] INFO  com.alibaba.druid.pool.DruidDataSource- {dataSource-1} closed
2017/08/14-09:05 [main] INFO  io.z77z.CrawlerMain- Starting CrawlerMain on admin-PC with PID 6612 (started by 小五儿 in F:\web\spring\springboot-demo)
2017/08/14-09:05 [main] INFO  io.z77z.CrawlerMain- No active profile set, falling back to default profiles: default
2017/08/14-09:05 [main] INFO  org.springframework.web.context.support.GenericWebApplicationContext- Refreshing org.springframework.web.context.support.GenericWebApplicationContext@da3fdb5: startup date [Mon Aug 14 09:05:58 CST 2017]; root of context hierarchy
2017/08/14-09:06 [main] INFO  org.springframework.data.repository.config.RepositoryConfigurationDelegate- Multiple Spring Data modules found, entering strict repository configuration mode!
2017/08/14-09:06 [main] INFO  org.springframework.context.support.PostProcessorRegistrationDelegate$BeanPostProcessorChecker- Bean 'druidDataSourceConfig' of type [class io.z77z.config.DruidDataSourceConfig$$EnhancerBySpringCGLIB$$438999b8] is not eligible for getting processed by all BeanPostProcessors (for example: not eligible for auto-proxying)
2017/08/14-09:06 [main] INFO  org.springframework.context.support.PostProcessorRegistrationDelegate$BeanPostProcessorChecker- Bean 'org.springframework.boot.autoconfigure.validation.ValidationAutoConfiguration' of type [class org.springframework.boot.autoconfigure.validation.ValidationAutoConfiguration] is not eligible for getting processed by all BeanPostProcessors (for example: not eligible for auto-proxying)
2017/08/14-09:06 [main] INFO  org.springframework.context.support.PostProcessorRegistrationDelegate$BeanPostProcessorChecker- Bean 'validator' of type [class org.springframework.validation.beanvalidation.LocalValidatorFactoryBean] is not eligible for getting processed by all BeanPostProcessors (for example: not eligible for auto-proxying)
2017/08/14-09:06 [main] INFO  org.springframework.context.support.PostProcessorRegistrationDelegate$BeanPostProcessorChecker- Bean 'org.springframework.transaction.annotation.ProxyTransactionManagementConfiguration' of type [class org.springframework.transaction.annotation.ProxyTransactionManagementConfiguration$$EnhancerBySpringCGLIB$$7d91a410] is not eligible for getting processed by all BeanPostProcessors (for example: not eligible for auto-proxying)
2017/08/14-09:06 [main] INFO  org.springframework.context.support.PostProcessorRegistrationDelegate$BeanPostProcessorChecker- Bean 'org.springframework.cache.annotation.ProxyCachingConfiguration' of type [class org.springframework.cache.annotation.ProxyCachingConfiguration$$EnhancerBySpringCGLIB$$c6a3da2e] is not eligible for getting processed by all BeanPostProcessors (for example: not eligible for auto-proxying)
2017/08/14-09:06 [main] INFO  org.springframework.context.support.PostProcessorRegistrationDelegate$BeanPostProcessorChecker- Bean 'org.springframework.boot.autoconfigure.cache.CacheAutoConfiguration' of type [class org.springframework.boot.autoconfigure.cache.CacheAutoConfiguration$$EnhancerBySpringCGLIB$$bb179ed2] is not eligible for getting processed by all BeanPostProcessors (for example: not eligible for auto-proxying)
2017/08/14-09:06 [main] INFO  org.springframework.context.support.PostProcessorRegistrationDelegate$BeanPostProcessorChecker- Bean 'spring.cache-org.springframework.boot.autoconfigure.cache.CacheProperties' of type [class org.springframework.boot.autoconfigure.cache.CacheProperties] is not eligible for getting processed by all BeanPostProcessors (for example: not eligible for auto-proxying)
2017/08/14-09:06 [main] INFO  org.springframework.context.support.PostProcessorRegistrationDelegate$BeanPostProcessorChecker- Bean 'cacheManagerCustomizers' of type [class org.springframework.boot.autoconfigure.cache.CacheManagerCustomizers] is not eligible for getting processed by all BeanPostProcessors (for example: not eligible for auto-proxying)
2017/08/14-09:06 [main] INFO  org.springframework.context.support.PostProcessorRegistrationDelegate$BeanPostProcessorChecker- Bean 'org.springframework.boot.autoconfigure.cache.RedisCacheConfiguration' of type [class org.springframework.boot.autoconfigure.cache.RedisCacheConfiguration$$EnhancerBySpringCGLIB$$6ba93b2c] is not eligible for getting processed by all BeanPostProcessors (for example: not eligible for auto-proxying)
2017/08/14-09:06 [main] INFO  org.springframework.context.support.PostProcessorRegistrationDelegate$BeanPostProcessorChecker- Bean 'org.springframework.boot.autoconfigure.data.redis.RedisAutoConfiguration$RedisConfiguration' of type [class org.springframework.boot.autoconfigure.data.redis.RedisAutoConfiguration$RedisConfiguration$$EnhancerBySpringCGLIB$$c334299d] is not eligible for getting processed by all BeanPostProcessors (for example: not eligible for auto-proxying)
2017/08/14-09:06 [main] INFO  org.springframework.context.support.PostProcessorRegistrationDelegate$BeanPostProcessorChecker- Bean 'spring.redis-org.springframework.boot.autoconfigure.data.redis.RedisProperties' of type [class org.springframework.boot.autoconfigure.data.redis.RedisProperties] is not eligible for getting processed by all BeanPostProcessors (for example: not eligible for auto-proxying)
2017/08/14-09:06 [main] INFO  org.springframework.context.support.PostProcessorRegistrationDelegate$BeanPostProcessorChecker- Bean 'org.springframework.boot.autoconfigure.data.redis.RedisAutoConfiguration$RedisConnectionConfiguration' of type [class org.springframework.boot.autoconfigure.data.redis.RedisAutoConfiguration$RedisConnectionConfiguration$$EnhancerBySpringCGLIB$$118bcb1f] is not eligible for getting processed by all BeanPostProcessors (for example: not eligible for auto-proxying)
2017/08/14-09:06 [main] INFO  org.springframework.context.support.PostProcessorRegistrationDelegate$BeanPostProcessorChecker- Bean 'redisConnectionFactory' of type [class org.springframework.data.redis.connection.jedis.JedisConnectionFactory] is not eligible for getting processed by all BeanPostProcessors (for example: not eligible for auto-proxying)
2017/08/14-09:06 [main] INFO  org.springframework.context.support.PostProcessorRegistrationDelegate$BeanPostProcessorChecker- Bean 'redisTemplate' of type [class org.springframework.data.redis.core.RedisTemplate] is not eligible for getting processed by all BeanPostProcessors (for example: not eligible for auto-proxying)
2017/08/14-09:06 [main] INFO  org.springframework.context.support.PostProcessorRegistrationDelegate$BeanPostProcessorChecker- Bean 'cacheManager' of type [class org.springframework.data.redis.cache.RedisCacheManager] is not eligible for getting processed by all BeanPostProcessors (for example: not eligible for auto-proxying)
2017/08/14-09:06 [main] INFO  org.springframework.context.support.PostProcessorRegistrationDelegate$BeanPostProcessorChecker- Bean 'cacheAutoConfigurationValidator' of type [class org.springframework.boot.autoconfigure.cache.CacheAutoConfiguration$CacheManagerValidator] is not eligible for getting processed by all BeanPostProcessors (for example: not eligible for auto-proxying)
2017/08/14-09:06 [main] INFO  com.alibaba.druid.pool.DruidDataSource- {dataSource-1} inited
2017/08/14-09:06 [main] INFO  org.springframework.boot.test.mock.web.SpringBootMockServletContext- jolokia: No access restrictor found, access to any MBean is allowed
2017/08/14-09:06 [main] INFO  org.springframework.web.servlet.mvc.method.annotation.RequestMappingHandlerAdapter- Looking for @ControllerAdvice: org.springframework.web.context.support.GenericWebApplicationContext@da3fdb5: startup date [Mon Aug 14 09:05:58 CST 2017]; root of context hierarchy
2017/08/14-09:06 [main] INFO  org.springframework.web.servlet.mvc.method.annotation.RequestMappingHandlerMapping- Mapped "{[/test/test1]}" onto public java.lang.String io.z77z.controller.TestController.view(org.springframework.ui.Model,com.baomidou.mybatisplus.plugins.Page<io.z77z.entity.BeautifulPictures>)
2017/08/14-09:06 [main] INFO  org.springframework.web.servlet.mvc.method.annotation.RequestMappingHandlerMapping- Mapped "{[/test/test2]}" onto public java.lang.String io.z77z.controller.TestController.t_io()
2017/08/14-09:06 [main] INFO  org.springframework.web.servlet.mvc.method.annotation.RequestMappingHandlerMapping- Mapped "{[/error]}" onto public org.springframework.http.ResponseEntity<java.util.Map<java.lang.String, java.lang.Object>> org.springframework.boot.autoconfigure.web.BasicErrorController.error(javax.servlet.http.HttpServletRequest)
2017/08/14-09:06 [main] INFO  org.springframework.web.servlet.mvc.method.annotation.RequestMappingHandlerMapping- Mapped "{[/error],produces=[text/html]}" onto public org.springframework.web.servlet.ModelAndView org.springframework.boot.autoconfigure.web.BasicErrorController.errorHtml(javax.servlet.http.HttpServletRequest,javax.servlet.http.HttpServletResponse)
2017/08/14-09:06 [main] INFO  org.springframework.web.servlet.handler.SimpleUrlHandlerMapping- Mapped URL path [/webjars/**] onto handler of type [class org.springframework.web.servlet.resource.ResourceHttpRequestHandler]
2017/08/14-09:06 [main] INFO  org.springframework.web.servlet.handler.SimpleUrlHandlerMapping- Mapped URL path [/**] onto handler of type [class org.springframework.web.servlet.resource.ResourceHttpRequestHandler]
2017/08/14-09:06 [main] INFO  org.springframework.web.servlet.handler.SimpleUrlHandlerMapping- Mapped URL path [/**/favicon.ico] onto handler of type [class org.springframework.web.servlet.resource.ResourceHttpRequestHandler]
2017/08/14-09:06 [main] INFO  org.springframework.boot.actuate.endpoint.mvc.EndpointHandlerMapping- Mapped "{[/heapdump || /heapdump.json],methods=[GET],produces=[application/octet-stream]}" onto public void org.springframework.boot.actuate.endpoint.mvc.HeapdumpMvcEndpoint.invoke(boolean,javax.servlet.http.HttpServletRequest,javax.servlet.http.HttpServletResponse) throws java.io.IOException,javax.servlet.ServletException
2017/08/14-09:06 [main] INFO  org.springframework.boot.actuate.endpoint.mvc.EndpointHandlerMapping- Mapped "{[/autoconfig || /autoconfig.json],methods=[GET],produces=[application/vnd.spring-boot.actuator.v1+json || application/json]}" onto public java.lang.Object org.springframework.boot.actuate.endpoint.mvc.EndpointMvcAdapter.invoke()
2017/08/14-09:06 [main] INFO  org.springframework.boot.actuate.endpoint.mvc.EndpointHandlerMapping- Mapped "{[/auditevents || /auditevents.json],methods=[GET],produces=[application/vnd.spring-boot.actuator.v1+json || application/json]}" onto public org.springframework.http.ResponseEntity<?> org.springframework.boot.actuate.endpoint.mvc.AuditEventsMvcEndpoint.findByPrincipalAndAfterAndType(java.lang.String,java.util.Date,java.lang.String)
2017/08/14-09:06 [main] INFO  org.springframework.boot.actuate.endpoint.mvc.EndpointHandlerMapping- Mapped "{[/health || /health.json],methods=[GET],produces=[application/vnd.spring-boot.actuator.v1+json || application/json]}" onto public java.lang.Object org.springframework.boot.actuate.endpoint.mvc.HealthMvcEndpoint.invoke(javax.servlet.http.HttpServletRequest)
2017/08/14-09:06 [main] INFO  org.springframework.boot.actuate.endpoint.mvc.EndpointHandlerMapping- Mapped "{[/trace || /trace.json],methods=[GET],produces=[application/vnd.spring-boot.actuator.v1+json || application/json]}" onto public java.lang.Object org.springframework.boot.actuate.endpoint.mvc.EndpointMvcAdapter.invoke()
2017/08/14-09:06 [main] INFO  org.springframework.boot.actuate.endpoint.mvc.EndpointHandlerMapping- Mapped "{[/mappings || /mappings.json],methods=[GET],produces=[application/vnd.spring-boot.actuator.v1+json || application/json]}" onto public java.lang.Object org.springframework.boot.actuate.endpoint.mvc.EndpointMvcAdapter.invoke()
2017/08/14-09:06 [main] INFO  org.springframework.boot.actuate.endpoint.mvc.EndpointHandlerMapping- Mapped "{[/env/{name:.*}],methods=[GET],produces=[application/vnd.spring-boot.actuator.v1+json || application/json]}" onto public java.lang.Object org.springframework.boot.actuate.endpoint.mvc.EnvironmentMvcEndpoint.value(java.lang.String)
2017/08/14-09:06 [main] INFO  org.springframework.boot.actuate.endpoint.mvc.EndpointHandlerMapping- Mapped "{[/env || /env.json],methods=[GET],produces=[application/vnd.spring-boot.actuator.v1+json || application/json]}" onto public java.lang.Object org.springframework.boot.actuate.endpoint.mvc.EndpointMvcAdapter.invoke()
2017/08/14-09:06 [main] INFO  org.springframework.boot.actuate.endpoint.mvc.EndpointHandlerMapping- Mapped "{[/logfile || /logfile.json],methods=[GET || HEAD]}" onto public void org.springframework.boot.actuate.endpoint.mvc.LogFileMvcEndpoint.invoke(javax.servlet.http.HttpServletRequest,javax.servlet.http.HttpServletResponse) throws javax.servlet.ServletException,java.io.IOException
2017/08/14-09:06 [main] INFO  org.springframework.boot.actuate.endpoint.mvc.EndpointHandlerMapping- Mapped "{[/loggers/{name:.*}],methods=[GET],produces=[application/vnd.spring-boot.actuator.v1+json || application/json]}" onto public java.lang.Object org.springframework.boot.actuate.endpoint.mvc.LoggersMvcEndpoint.get(java.lang.String)
2017/08/14-09:06 [main] INFO  org.springframework.boot.actuate.endpoint.mvc.EndpointHandlerMapping- Mapped "{[/loggers/{name:.*}],methods=[POST],consumes=[application/vnd.spring-boot.actuator.v1+json || application/json],produces=[application/vnd.spring-boot.actuator.v1+json || application/json]}" onto public java.lang.Object org.springframework.boot.actuate.endpoint.mvc.LoggersMvcEndpoint.set(java.lang.String,java.util.Map<java.lang.String, java.lang.String>)
2017/08/14-09:06 [main] INFO  org.springframework.boot.actuate.endpoint.mvc.EndpointHandlerMapping- Mapped "{[/loggers || /loggers.json],methods=[GET],produces=[application/vnd.spring-boot.actuator.v1+json || application/json]}" onto public java.lang.Object org.springframework.boot.actuate.endpoint.mvc.EndpointMvcAdapter.invoke()
2017/08/14-09:06 [main] INFO  org.springframework.boot.actuate.endpoint.mvc.EndpointHandlerMapping- Mapped "{[/beans || /beans.json],methods=[GET],produces=[application/vnd.spring-boot.actuator.v1+json || application/json]}" onto public java.lang.Object org.springframework.boot.actuate.endpoint.mvc.EndpointMvcAdapter.invoke()
2017/08/14-09:06 [main] INFO  org.springframework.boot.actuate.endpoint.mvc.EndpointHandlerMapping- Mapped "{[/dump || /dump.json],methods=[GET],produces=[application/vnd.spring-boot.actuator.v1+json || application/json]}" onto public java.lang.Object org.springframework.boot.actuate.endpoint.mvc.EndpointMvcAdapter.invoke()
2017/08/14-09:06 [main] INFO  org.springframework.boot.actuate.endpoint.mvc.EndpointHandlerMapping- Mapped "{[/metrics/{name:.*}],methods=[GET],produces=[application/vnd.spring-boot.actuator.v1+json || application/json]}" onto public java.lang.Object org.springframework.boot.actuate.endpoint.mvc.MetricsMvcEndpoint.value(java.lang.String)
2017/08/14-09:06 [main] INFO  org.springframework.boot.actuate.endpoint.mvc.EndpointHandlerMapping- Mapped "{[/metrics || /metrics.json],methods=[GET],produces=[application/vnd.spring-boot.actuator.v1+json || application/json]}" onto public java.lang.Object org.springframework.boot.actuate.endpoint.mvc.EndpointMvcAdapter.invoke()
2017/08/14-09:06 [main] INFO  org.springframework.boot.actuate.endpoint.mvc.EndpointHandlerMapping- Mapped "{[/info || /info.json],methods=[GET],produces=[application/vnd.spring-boot.actuator.v1+json || application/json]}" onto public java.lang.Object org.springframework.boot.actuate.endpoint.mvc.EndpointMvcAdapter.invoke()
2017/08/14-09:06 [main] INFO  org.springframework.boot.actuate.endpoint.mvc.EndpointHandlerMapping- Mapped "{[/configprops || /configprops.json],methods=[GET],produces=[application/vnd.spring-boot.actuator.v1+json || application/json]}" onto public java.lang.Object org.springframework.boot.actuate.endpoint.mvc.EndpointMvcAdapter.invoke()
2017/08/14-09:06 [main] INFO  org.springframework.boot.actuate.endpoint.mvc.EndpointHandlerMapping- Mapped "{[/jolokia/**]}" onto public org.springframework.web.servlet.ModelAndView org.springframework.boot.actuate.endpoint.mvc.JolokiaMvcEndpoint.handle(javax.servlet.http.HttpServletRequest,javax.servlet.http.HttpServletResponse) throws java.lang.Exception
2017/08/14-09:06 [main] INFO  io.z77z.CrawlerMain- Started CrawlerMain in 10.378 seconds (JVM running for 11.449)
2017/08/14-09:06 [main] DEBUG io.z77z.dao.BeautifulPicturesMapper.selectByMap- ==>  Preparing: SELECT id,title,url,pictureurls_num AS pictureurlsNum,zan,biaoqian,keywords,last_update_date AS lastUpdateDate FROM beautiful_pictures WHERE id = ? 
2017/08/14-09:06 [main] DEBUG io.z77z.dao.BeautifulPicturesMapper.selectByMap- ==> Parameters: 1475(String)
2017/08/14-09:06 [main] DEBUG io.z77z.dao.BeautifulPicturesMapper.selectByMap- <==      Total: 0
2017/08/14-09:06 [main] DEBUG io.z77z.dao.BeautifulPicturesMapper.insert- ==>  Preparing: INSERT INTO beautiful_pictures ( id, title, url, pictureurls_num, zan, biaoqian, keywords ) VALUES ( ?, ?, ?, ?, ?, ?, ? ) 
2017/08/14-09:06 [main] DEBUG io.z77z.dao.BeautifulPicturesMapper.insert- ==> Parameters: 1475(String), 清纯学生妹户外写真 集清纯可爱稚嫩于一身(String), tupian/1475.html(String), 12(Integer), 3(Integer), 学生妹,清纯美女(String), 清纯学生妹,清纯学生妹写真(String)
2017/08/14-09:06 [main] DEBUG io.z77z.dao.BeautifulPicturesMapper.insert- <==    Updates: 1
2017/08/14-09:06 [main] DEBUG io.z77z.dao.PictureMapper.insert- ==>  Preparing: INSERT INTO picture ( id, pictures_id, url ) VALUES ( ?, ?, ? ) 
2017/08/14-09:06 [main] DEBUG io.z77z.dao.PictureMapper.insert- ==> Parameters: 43588a5b0263411784f77ef15562d62c(String), 1475(String), http://pic.87g.com/upload/2017/0418/20170418011104468.jpg(String)
2017/08/14-09:06 [main] DEBUG io.z77z.dao.PictureMapper.insert- <==    Updates: 1
2017/08/14-09:06 [main] DEBUG io.z77z.dao.PictureMapper.insert- ==>  Preparing: INSERT INTO picture ( id, pictures_id, url ) VALUES ( ?, ?, ? ) 
2017/08/14-09:06 [main] DEBUG io.z77z.dao.PictureMapper.insert- ==> Parameters: d967492ec6b3436a87035c5079aa728e(String), 1475(String), http://pic.87g.com/upload/2017/0418/20170418011105682.jpg(String)
2017/08/14-09:06 [main] DEBUG io.z77z.dao.PictureMapper.insert- <==    Updates: 1
2017/08/14-09:06 [main] DEBUG io.z77z.dao.PictureMapper.insert- ==>  Preparing: INSERT INTO picture ( id, pictures_id, url ) VALUES ( ?, ?, ? ) 
2017/08/14-09:06 [main] DEBUG io.z77z.dao.PictureMapper.insert- ==> Parameters: 10b889a9c1f74c23953cd7084372eaaa(String), 1475(String), http://pic.87g.com/upload/2017/0418/20170418011106830.jpg(String)
2017/08/14-09:06 [main] DEBUG io.z77z.dao.PictureMapper.insert- <==    Updates: 1
2017/08/14-09:06 [main] DEBUG io.z77z.dao.PictureMapper.insert- ==>  Preparing: INSERT INTO picture ( id, pictures_id, url ) VALUES ( ?, ?, ? ) 
2017/08/14-09:06 [main] DEBUG io.z77z.dao.PictureMapper.insert- ==> Parameters: d22b10e450584303b7b64219cffbb752(String), 1475(String), http://pic.87g.com/upload/2017/0418/20170418011106981.jpg(String)
2017/08/14-09:06 [main] DEBUG io.z77z.dao.PictureMapper.insert- <==    Updates: 1
2017/08/14-09:06 [main] DEBUG io.z77z.dao.PictureMapper.insert- ==>  Preparing: INSERT INTO picture ( id, pictures_id, url ) VALUES ( ?, ?, ? ) 
2017/08/14-09:06 [main] DEBUG io.z77z.dao.PictureMapper.insert- ==> Parameters: 7e6a1248067e4d538a2a44898ddb54c4(String), 1475(String), http://pic.87g.com/upload/2017/0418/20170418011107972.jpg(String)
2017/08/14-09:06 [main] DEBUG io.z77z.dao.PictureMapper.insert- <==    Updates: 1
2017/08/14-09:06 [main] DEBUG io.z77z.dao.PictureMapper.insert- ==>  Preparing: INSERT INTO picture ( id, pictures_id, url ) VALUES ( ?, ?, ? ) 
2017/08/14-09:06 [main] DEBUG io.z77z.dao.PictureMapper.insert- ==> Parameters: aa5b9f8c088146cdb538ff373bd099f8(String), 1475(String), http://pic.87g.com/upload/2017/0418/20170418011107238.jpg(String)
2017/08/14-09:06 [main] DEBUG io.z77z.dao.PictureMapper.insert- <==    Updates: 1
2017/08/14-09:06 [main] DEBUG io.z77z.dao.PictureMapper.insert- ==>  Preparing: INSERT INTO picture ( id, pictures_id, url ) VALUES ( ?, ?, ? ) 
2017/08/14-09:06 [main] DEBUG io.z77z.dao.PictureMapper.insert- ==> Parameters: 2a423ff340f4418b92ca5a16b8b30ba7(String), 1475(String), http://pic.87g.com/upload/2017/0418/20170418011108365.jpg(String)
2017/08/14-09:06 [main] DEBUG io.z77z.dao.PictureMapper.insert- <==    Updates: 1
2017/08/14-09:06 [main] DEBUG io.z77z.dao.PictureMapper.insert- ==>  Preparing: INSERT INTO picture ( id, pictures_id, url ) VALUES ( ?, ?, ? ) 
2017/08/14-09:06 [main] DEBUG io.z77z.dao.PictureMapper.insert- ==> Parameters: a7785753e44d45aab240437ce704b6ae(String), 1475(String), http://pic.87g.com/upload/2017/0418/20170418011108839.jpg(String)
2017/08/14-09:06 [main] DEBUG io.z77z.dao.PictureMapper.insert- <==    Updates: 1
2017/08/14-09:06 [main] DEBUG io.z77z.dao.PictureMapper.insert- ==>  Preparing: INSERT INTO picture ( id, pictures_id, url ) VALUES ( ?, ?, ? ) 
2017/08/14-09:06 [main] DEBUG io.z77z.dao.PictureMapper.insert- ==> Parameters: 2169f4acce684ec2ba15e18055880f18(String), 1475(String), http://pic.87g.com/upload/2017/0418/20170418011109692.jpg(String)
2017/08/14-09:06 [main] DEBUG io.z77z.dao.PictureMapper.insert- <==    Updates: 1
2017/08/14-09:06 [main] DEBUG io.z77z.dao.PictureMapper.insert- ==>  Preparing: INSERT INTO picture ( id, pictures_id, url ) VALUES ( ?, ?, ? ) 
2017/08/14-09:06 [main] DEBUG io.z77z.dao.PictureMapper.insert- ==> Parameters: 9e06c76669ee426bb80ac389775c5c3b(String), 1475(String), http://pic.87g.com/upload/2017/0418/20170418011109160.jpg(String)
2017/08/14-09:06 [main] DEBUG io.z77z.dao.PictureMapper.insert- <==    Updates: 1
2017/08/14-09:06 [main] DEBUG io.z77z.dao.PictureMapper.insert- ==>  Preparing: INSERT INTO picture ( id, pictures_id, url ) VALUES ( ?, ?, ? ) 
2017/08/14-09:06 [main] DEBUG io.z77z.dao.PictureMapper.insert- ==> Parameters: cc18342fc26040de9263dcb104cfd173(String), 1475(String), http://pic.87g.com/upload/2017/0418/20170418011110636.jpg(String)
2017/08/14-09:06 [main] DEBUG io.z77z.dao.PictureMapper.insert- <==    Updates: 1
2017/08/14-09:06 [main] DEBUG io.z77z.dao.PictureMapper.insert- ==>  Preparing: INSERT INTO picture ( id, pictures_id, url ) VALUES ( ?, ?, ? ) 
2017/08/14-09:06 [main] DEBUG io.z77z.dao.PictureMapper.insert- ==> Parameters: fb227328b7dc43ffb2f2ef38c2dbe416(String), 1475(String), http://pic.87g.com/upload/2017/0418/20170418011110388.jpg(String)
2017/08/14-09:06 [main] DEBUG io.z77z.dao.PictureMapper.insert- <==    Updates: 1
2017/08/14-09:06 [main] DEBUG io.z77z.dao.BeautifulPicturesMapper.selectByMap- ==>  Preparing: SELECT id,title,url,pictureurls_num AS pictureurlsNum,zan,biaoqian,keywords,last_update_date AS lastUpdateDate FROM beautiful_pictures WHERE id = ? 
2017/08/14-09:06 [main] DEBUG io.z77z.dao.BeautifulPicturesMapper.selectByMap- ==> Parameters: 1474(String)
2017/08/14-09:06 [main] DEBUG io.z77z.dao.BeautifulPicturesMapper.selectByMap- <==      Total: 0
2017/08/14-09:06 [main] DEBUG io.z77z.dao.BeautifulPicturesMapper.insert- ==>  Preparing: INSERT INTO beautiful_pictures ( id, title, url, pictureurls_num, zan, biaoqian, keywords ) VALUES ( ?, ?, ?, ?, ?, ?, ? ) 
2017/08/14-09:06 [main] DEBUG io.z77z.dao.BeautifulPicturesMapper.insert- ==> Parameters: 1474(String), 可爱小清新女生写真集 卖萌嘟嘴简直受不了(String), tupian/1474.html(String), 12(Integer), 1(Integer), 可爱女神,小清新女生(String), 可爱女生,小清新女生,可爱小清女生写真(String)
2017/08/14-09:06 [main] DEBUG io.z77z.dao.BeautifulPicturesMapper.insert- <==    Updates: 1
2017/08/14-09:07 [main] DEBUG io.z77z.dao.PictureMapper.insert- ==>  Preparing: INSERT INTO picture ( id, pictures_id, url ) VALUES ( ?, ?, ? ) 
2017/08/14-09:07 [main] DEBUG io.z77z.dao.PictureMapper.insert- ==> Parameters: 706d933c09574c779c12e56d5463a797(String), 1474(String), http://pic.87g.com/upload/2017/0417/20170417085529516.jpg(String)
2017/08/14-09:07 [main] DEBUG io.z77z.dao.PictureMapper.insert- <==    Updates: 1
2017/08/14-09:07 [main] DEBUG io.z77z.dao.PictureMapper.insert- ==>  Preparing: INSERT INTO picture ( id, pictures_id, url ) VALUES ( ?, ?, ? ) 
2017/08/14-09:07 [main] DEBUG io.z77z.dao.PictureMapper.insert- ==> Parameters: 638d7f5b9d0942babff37e99847dcd00(String), 1474(String), http://pic.87g.com/upload/2017/0417/20170417085530632.jpg(String)
2017/08/14-09:07 [main] DEBUG io.z77z.dao.PictureMapper.insert- <==    Updates: 1
2017/08/14-09:07 [main] DEBUG io.z77z.dao.PictureMapper.insert- ==>  Preparing: INSERT INTO picture ( id, pictures_id, url ) VALUES ( ?, ?, ? ) 
2017/08/14-09:07 [main] DEBUG io.z77z.dao.PictureMapper.insert- ==> Parameters: 6d488e3bfb5641adb3e3cdbe85b2d147(String), 1474(String), http://pic.87g.com/upload/2017/0417/20170417085531505.jpg(String)
2017/08/14-09:07 [main] DEBUG io.z77z.dao.PictureMapper.insert- <==    Updates: 1
2017/08/14-09:07 [main] DEBUG io.z77z.dao.PictureMapper.insert- ==>  Preparing: INSERT INTO picture ( id, pictures_id, url ) VALUES ( ?, ?, ? ) 
2017/08/14-09:07 [main] DEBUG io.z77z.dao.PictureMapper.insert- ==> Parameters: 6128038d26e1427b9073ffdacb48934e(String), 1474(String), http://pic.87g.com/upload/2017/0417/20170417085533332.jpg(String)
2017/08/14-09:07 [main] DEBUG io.z77z.dao.PictureMapper.insert- <==    Updates: 1
2017/08/14-09:07 [main] DEBUG io.z77z.dao.PictureMapper.insert- ==>  Preparing: INSERT INTO picture ( id, pictures_id, url ) VALUES ( ?, ?, ? ) 
2017/08/14-09:07 [main] DEBUG io.z77z.dao.PictureMapper.insert- ==> Parameters: 2528bad9a0c84cb98548ea76d459e355(String), 1474(String), http://pic.87g.com/upload/2017/0417/20170417085534981.jpg(String)
2017/08/14-09:07 [main] DEBUG io.z77z.dao.PictureMapper.insert- <==    Updates: 1
2017/08/14-09:07 [main] DEBUG io.z77z.dao.PictureMapper.insert- ==>  Preparing: INSERT INTO picture ( id, pictures_id, url ) VALUES ( ?, ?, ? ) 
2017/08/14-09:07 [main] DEBUG io.z77z.dao.PictureMapper.insert- ==> Parameters: bb73bb7e39564110b84fc1c152dfaa4f(String), 1474(String), http://pic.87g.com/upload/2017/0417/20170417085535734.jpg(String)
2017/08/14-09:07 [main] DEBUG io.z77z.dao.PictureMapper.insert- <==    Updates: 1
2017/08/14-09:07 [main] DEBUG io.z77z.dao.PictureMapper.insert- ==>  Preparing: INSERT INTO picture ( id, pictures_id, url ) VALUES ( ?, ?, ? ) 
2017/08/14-09:07 [main] DEBUG io.z77z.dao.PictureMapper.insert- ==> Parameters: edfda1e683e54f568bfbff979916f2d3(String), 1474(String), http://pic.87g.com/upload/2017/0417/20170417085536260.jpg(String)
2017/08/14-09:07 [main] DEBUG io.z77z.dao.PictureMapper.insert- <==    Updates: 1
2017/08/14-09:07 [main] DEBUG io.z77z.dao.PictureMapper.insert- ==>  Preparing: INSERT INTO picture ( id, pictures_id, url ) VALUES ( ?, ?, ? ) 
2017/08/14-09:07 [main] DEBUG io.z77z.dao.PictureMapper.insert- ==> Parameters: 0a8c26254cd44be484070c2a22bcee27(String), 1474(String), http://pic.87g.com/upload/2017/0417/20170417085539822.jpg(String)
2017/08/14-09:07 [main] DEBUG io.z77z.dao.PictureMapper.insert- <==    Updates: 1
2017/08/14-09:07 [main] DEBUG io.z77z.dao.PictureMapper.insert- ==>  Preparing: INSERT INTO picture ( id, pictures_id, url ) VALUES ( ?, ?, ? ) 
2017/08/14-09:07 [main] DEBUG io.z77z.dao.PictureMapper.insert- ==> Parameters: 2049f7acf9d34424823885ff697c4ed5(String), 1474(String), http://pic.87g.com/upload/2017/0417/20170417085542883.jpg(String)
2017/08/14-09:07 [main] DEBUG io.z77z.dao.PictureMapper.insert- <==    Updates: 1
2017/08/14-09:07 [main] DEBUG io.z77z.dao.PictureMapper.insert- ==>  Preparing: INSERT INTO picture ( id, pictures_id, url ) VALUES ( ?, ?, ? ) 
2017/08/14-09:07 [main] DEBUG io.z77z.dao.PictureMapper.insert- ==> Parameters: e74164736b5c4801aa88f01d8a81c540(String), 1474(String), http://pic.87g.com/upload/2017/0417/20170417085545315.jpg(String)
2017/08/14-09:07 [main] DEBUG io.z77z.dao.PictureMapper.insert- <==    Updates: 1
2017/08/14-09:07 [main] DEBUG io.z77z.dao.PictureMapper.insert- ==>  Preparing: INSERT INTO picture ( id, pictures_id, url ) VALUES ( ?, ?, ? ) 
2017/08/14-09:07 [main] DEBUG io.z77z.dao.PictureMapper.insert- ==> Parameters: d3512b66cc2e4348b2c5435538c583bf(String), 1474(String), http://pic.87g.com/upload/2017/0417/20170417085546960.jpg(String)
2017/08/14-09:07 [main] DEBUG io.z77z.dao.PictureMapper.insert- <==    Updates: 1
2017/08/14-09:07 [main] DEBUG io.z77z.dao.PictureMapper.insert- ==>  Preparing: INSERT INTO picture ( id, pictures_id, url ) VALUES ( ?, ?, ? ) 
2017/08/14-09:07 [main] DEBUG io.z77z.dao.PictureMapper.insert- ==> Parameters: 459d69b5953a419681acc161606e2339(String), 1474(String), http://pic.87g.com/upload/2017/0417/20170417085547694.jpg(String)
2017/08/14-09:07 [main] DEBUG io.z77z.dao.PictureMapper.insert- <==    Updates: 1
2017/08/14-09:07 [main] DEBUG io.z77z.dao.BeautifulPicturesMapper.selectByMap- ==>  Preparing: SELECT id,title,url,pictureurls_num AS pictureurlsNum,zan,biaoqian,keywords,last_update_date AS lastUpdateDate FROM beautiful_pictures WHERE id = ? 
2017/08/14-09:07 [main] DEBUG io.z77z.dao.BeautifulPicturesMapper.selectByMap- ==> Parameters: 1476(String)
2017/08/14-09:07 [main] DEBUG io.z77z.dao.BeautifulPicturesMapper.selectByMap- <==      Total: 0
2017/08/14-09:07 [main] DEBUG io.z77z.dao.BeautifulPicturesMapper.insert- ==>  Preparing: INSERT INTO beautiful_pictures ( id, title, url, pictureurls_num, zan, biaoqian, keywords ) VALUES ( ?, ?, ?, ?, ?, ?, ? ) 
2017/08/14-09:07 [main] DEBUG io.z77z.dao.BeautifulPicturesMapper.insert- ==> Parameters: 1476(String), 唯美森林系美女花丛清纯迷人写真 精致完美的脸蛋白皙肌肤(String), tupian/1476.html(String), 10(Integer), 1(Integer), 唯美美女,森林系美女(String), 唯美美女,森林系美女,唯美美女写真(String)
2017/08/14-09:07 [main] DEBUG io.z77z.dao.BeautifulPicturesMapper.insert- <==    Updates: 1
2017/08/14-09:07 [main] DEBUG io.z77z.dao.PictureMapper.insert- ==>  Preparing: INSERT INTO picture ( id, pictures_id, url ) VALUES ( ?, ?, ? ) 
2017/08/14-09:07 [main] DEBUG io.z77z.dao.PictureMapper.insert- ==> Parameters: 3568aa6ff0fe481ba6168cc586ef1e65(String), 1476(String), http://pic.87g.com/upload/2017/0419/20170419010347743.jpg(String)
2017/08/14-09:07 [main] DEBUG io.z77z.dao.PictureMapper.insert- <==    Updates: 1
2017/08/14-09:07 [main] DEBUG io.z77z.dao.PictureMapper.insert- ==>  Preparing: INSERT INTO picture ( id, pictures_id, url ) VALUES ( ?, ?, ? ) 
2017/08/14-09:07 [main] DEBUG io.z77z.dao.PictureMapper.insert- ==> Parameters: 11c79fd1227b447eaf7b6526e15e5da4(String), 1476(String), http://pic.87g.com/upload/2017/0419/20170419010348904.jpg(String)
2017/08/14-09:07 [main] DEBUG io.z77z.dao.PictureMapper.insert- <==    Updates: 1
2017/08/14-09:07 [main] DEBUG io.z77z.dao.PictureMapper.insert- ==>  Preparing: INSERT INTO picture ( id, pictures_id, url ) VALUES ( ?, ?, ? ) 
2017/08/14-09:07 [main] DEBUG io.z77z.dao.PictureMapper.insert- ==> Parameters: 4a4d7f6d76f64d76ac365d9af5e3a33d(String), 1476(String), http://pic.87g.com/upload/2017/0419/20170419010348809.jpg(String)
2017/08/14-09:07 [main] DEBUG io.z77z.dao.PictureMapper.insert- <==    Updates: 1
2017/08/14-09:07 [main] DEBUG io.z77z.dao.PictureMapper.insert- ==>  Preparing: INSERT INTO picture ( id, pictures_id, url ) VALUES ( ?, ?, ? ) 
2017/08/14-09:07 [main] DEBUG io.z77z.dao.PictureMapper.insert- ==> Parameters: 78a0377e869e4ce289bf3f96de28b48b(String), 1476(String), http://pic.87g.com/upload/2017/0419/20170419010348654.jpg(String)
2017/08/14-09:07 [main] DEBUG io.z77z.dao.PictureMapper.insert- <==    Updates: 1
2017/08/14-09:07 [main] DEBUG io.z77z.dao.PictureMapper.insert- ==>  Preparing: INSERT INTO picture ( id, pictures_id, url ) VALUES ( ?, ?, ? ) 
2017/08/14-09:07 [main] DEBUG io.z77z.dao.PictureMapper.insert- ==> Parameters: 29d75e461bf24511ab4e57b3f20309bf(String), 1476(String), http://pic.87g.com/upload/2017/0419/20170419010349500.jpg(String)
2017/08/14-09:07 [main] DEBUG io.z77z.dao.PictureMapper.insert- <==    Updates: 1
2017/08/14-09:07 [main] DEBUG io.z77z.dao.PictureMapper.insert- ==>  Preparing: INSERT INTO picture ( id, pictures_id, url ) VALUES ( ?, ?, ? ) 
2017/08/14-09:07 [main] DEBUG io.z77z.dao.PictureMapper.insert- ==> Parameters: d3aded1c5144484d8430fe4d7bef787c(String), 1476(String), http://pic.87g.com/upload/2017/0419/20170419010350535.jpg(String)
2017/08/14-09:07 [main] DEBUG io.z77z.dao.PictureMapper.insert- <==    Updates: 1
2017/08/14-09:07 [main] DEBUG io.z77z.dao.PictureMapper.insert- ==>  Preparing: INSERT INTO picture ( id, pictures_id, url ) VALUES ( ?, ?, ? ) 
2017/08/14-09:07 [main] DEBUG io.z77z.dao.PictureMapper.insert- ==> Parameters: fddb1ed1f05941a5be6eca633c9a50ef(String), 1476(String), http://pic.87g.com/upload/2017/0419/20170419010351126.jpg(String)
2017/08/14-09:07 [main] DEBUG io.z77z.dao.PictureMapper.insert- <==    Updates: 1
2017/08/14-09:07 [main] DEBUG io.z77z.dao.PictureMapper.insert- ==>  Preparing: INSERT INTO picture ( id, pictures_id, url ) VALUES ( ?, ?, ? ) 
2017/08/14-09:07 [main] DEBUG io.z77z.dao.PictureMapper.insert- ==> Parameters: cabbd775971345d084e15d17a10068e7(String), 1476(String), http://pic.87g.com/upload/2017/0419/20170419010351861.jpg(String)
2017/08/14-09:07 [main] DEBUG io.z77z.dao.PictureMapper.insert- <==    Updates: 1
2017/08/14-09:07 [main] DEBUG io.z77z.dao.PictureMapper.insert- ==>  Preparing: INSERT INTO picture ( id, pictures_id, url ) VALUES ( ?, ?, ? ) 
2017/08/14-09:07 [main] DEBUG io.z77z.dao.PictureMapper.insert- ==> Parameters: 35ea6e3d023d40a2b014574550779098(String), 1476(String), http://pic.87g.com/upload/2017/0419/20170419010352813.jpg(String)
2017/08/14-09:07 [main] DEBUG io.z77z.dao.PictureMapper.insert- <==    Updates: 1
2017/08/14-09:07 [main] DEBUG io.z77z.dao.PictureMapper.insert- ==>  Preparing: INSERT INTO picture ( id, pictures_id, url ) VALUES ( ?, ?, ? ) 
2017/08/14-09:07 [main] DEBUG io.z77z.dao.PictureMapper.insert- ==> Parameters: d16d1a0a5fc644a09a41bea1acac0874(String), 1476(String), http://pic.87g.com/upload/2017/0419/20170419010352364.jpg(String)
2017/08/14-09:07 [main] DEBUG io.z77z.dao.PictureMapper.insert- <==    Updates: 1
2017/08/14-09:07 [main] DEBUG io.z77z.dao.BeautifulPicturesMapper.selectByMap- ==>  Preparing: SELECT id,title,url,pictureurls_num AS pictureurlsNum,zan,biaoqian,keywords,last_update_date AS lastUpdateDate FROM beautiful_pictures WHERE id = ? 
2017/08/14-09:07 [main] DEBUG io.z77z.dao.BeautifulPicturesMapper.selectByMap- ==> Parameters: 1503(String)
2017/08/14-09:07 [main] DEBUG io.z77z.dao.BeautifulPicturesMapper.selectByMap- <==      Total: 0
2017/08/14-09:07 [main] DEBUG io.z77z.dao.BeautifulPicturesMapper.insert- ==>  Preparing: INSERT INTO beautiful_pictures ( id, title, url, pictureurls_num, zan, biaoqian, keywords ) VALUES ( ?, ?, ?, ?, ?, ?, ? ) 
2017/08/14-09:07 [main] DEBUG io.z77z.dao.BeautifulPicturesMapper.insert- ==> Parameters: 1503(String), 校园女神青春写真图集 只多一眼便再难忘你容颜(String), tupian/1503.html(String), 5(Integer), 3(Integer), 校园女神(String), 校园女神图集,校园女神写真,校园女神青春写真(String)
2017/08/14-09:07 [main] DEBUG io.z77z.dao.BeautifulPicturesMapper.insert- <==    Updates: 1
2017/08/14-09:07 [main] DEBUG io.z77z.dao.PictureMapper.insert- ==>  Preparing: INSERT INTO picture ( id, pictures_id, url ) VALUES ( ?, ?, ? ) 
2017/08/14-09:07 [main] DEBUG io.z77z.dao.PictureMapper.insert- ==> Parameters: 902276842a07436392266bfa53a7007c(String), 1503(String), http://pic.87g.com/upload/2017/0517/20170517083307636.jpg(String)
2017/08/14-09:07 [main] DEBUG io.z77z.dao.PictureMapper.insert- <==    Updates: 1
2017/08/14-09:07 [main] DEBUG io.z77z.dao.PictureMapper.insert- ==>  Preparing: INSERT INTO picture ( id, pictures_id, url ) VALUES ( ?, ?, ? ) 
2017/08/14-09:07 [main] DEBUG io.z77z.dao.PictureMapper.insert- ==> Parameters: 6abd1aeaace24cbeb937a8b6b9196edc(String), 1503(String), http://pic.87g.com/upload/2017/0517/20170517083308905.jpg(String)
2017/08/14-09:07 [main] DEBUG io.z77z.dao.PictureMapper.insert- <==    Updates: 1
2017/08/14-09:07 [main] DEBUG io.z77z.dao.PictureMapper.insert- ==>  Preparing: INSERT INTO picture ( id, pictures_id, url ) VALUES ( ?, ?, ? ) 
2017/08/14-09:07 [main] DEBUG io.z77z.dao.PictureMapper.insert- ==> Parameters: 491f6356274743c6a7c0c87f5f9bc0e6(String), 1503(String), http://pic.87g.com/upload/2017/0517/20170517083309434.jpg(String)
2017/08/14-09:07 [main] DEBUG io.z77z.dao.PictureMapper.insert- <==    Updates: 1
2017/08/14-09:07 [main] DEBUG io.z77z.dao.PictureMapper.insert- ==>  Preparing: INSERT INTO picture ( id, pictures_id, url ) VALUES ( ?, ?, ? ) 
2017/08/14-09:07 [main] DEBUG io.z77z.dao.PictureMapper.insert- ==> Parameters: 7181bf864a3a4720a3a62d70990c0273(String), 1503(String), http://pic.87g.com/upload/2017/0517/20170517083309271.jpg(String)
2017/08/14-09:07 [main] DEBUG io.z77z.dao.PictureMapper.insert- <==    Updates: 1
2017/08/14-09:07 [main] DEBUG io.z77z.dao.PictureMapper.insert- ==>  Preparing: INSERT INTO picture ( id, pictures_id, url ) VALUES ( ?, ?, ? ) 
2017/08/14-09:07 [main] DEBUG io.z77z.dao.PictureMapper.insert- ==> Parameters: 2c64fe48b65441f6a2e9e7c8c642d798(String), 1503(String), http://pic.87g.com/upload/2017/0517/20170517083310452.jpg(String)
2017/08/14-09:07 [main] DEBUG io.z77z.dao.PictureMapper.insert- <==    Updates: 1
2017/08/14-09:07 [main] DEBUG io.z77z.dao.BeautifulPicturesMapper.selectByMap- ==>  Preparing: SELECT id,title,url,pictureurls_num AS pictureurlsNum,zan,biaoqian,keywords,last_update_date AS lastUpdateDate FROM beautiful_pictures WHERE id = ? 
2017/08/14-09:07 [main] DEBUG io.z77z.dao.BeautifulPicturesMapper.selectByMap- ==> Parameters: 1473(String)
2017/08/14-09:07 [main] DEBUG io.z77z.dao.BeautifulPicturesMapper.selectByMap- <==      Total: 0
2017/08/14-09:07 [main] DEBUG io.z77z.dao.BeautifulPicturesMapper.insert- ==>  Preparing: INSERT INTO beautiful_pictures ( id, title, url, pictureurls_num, zan, biaoqian, keywords ) VALUES ( ?, ?, ?, ?, ?, ?, ? ) 
2017/08/14-09:07 [main] DEBUG io.z77z.dao.BeautifulPicturesMapper.insert- ==> Parameters: 1473(String), 邻家妹妹粉色毛衣清纯写真 回眸一笑百媚生(String), tupian/1473.html(String), 15(Integer), 3(Integer), 清纯美女(String), 清纯美女写真,清纯少女图片,清纯可爱女生图片(String)
2017/08/14-09:07 [main] DEBUG io.z77z.dao.BeautifulPicturesMapper.insert- <==    Updates: 1
